Mon 22 Aug 21:33:01 CEST 2016: Joost arrived home
Mon 22 Aug 22:00:05 CEST 2016: Joost left home
Mon 22 Aug 22:00:26 CEST 2016: Joost arrived home
Mon 22 Aug 22:10:05 CEST 2016: Joost left home
Mon 22 Aug 22:15:06 CEST 2016: Joost arrived home
Mon 22 Aug 22:25:04 CEST 2016: Joost left home
Mon 22 Aug 22:35:04 CEST 2016: Joost arrived home
Mon 22 Aug 22:40:05 CEST 2016: Joost left home
Mon 22 Aug 23:05:04 CEST 2016: Joost arrived home
Mon 22 Aug 23:10:04 CEST 2016: Joost left home
Mon 22 Aug 23:30:04 CEST 2016: Joost arrived home
Mon 22 Aug 23:40:04 CEST 2016: Joost left home
Tue 23 Aug 00:00:05 CEST 2016: Joost arrived home
Tue 23 Aug 00:30:04 CEST 2016: Joost left home
Tue 23 Aug 00:50:05 CEST 2016: Joost arrived home
Tue 23 Aug 00:55:04 CEST 2016: Joost left home
Tue 23 Aug 01:05:04 CEST 2016: Joost arrived home
Tue 23 Aug 01:10:04 CEST 2016: Joost left home
Tue 23 Aug 01:15:04 CEST 2016: Joost arrived home
Tue 23 Aug 01:25:05 CEST 2016: Joost left home
Tue 23 Aug 01:35:05 CEST 2016: Joost arrived home
Tue 23 Aug 01:40:04 CEST 2016: Joost left home
Tue 23 Aug 01:50:04 CEST 2016: Joost arrived home
Tue 23 Aug 01:55:04 CEST 2016: Joost left home
Tue 23 Aug 02:00:04 CEST 2016: Joost arrived home
Tue 23 Aug 02:10:04 CEST 2016: Joost left home
Tue 23 Aug 02:25:04 CEST 2016: Joost arrived home
Tue 23 Aug 02:30:04 CEST 2016: Joost left home
Tue 23 Aug 02:50:04 CEST 2016: Joost arrived home
Tue 23 Aug 02:55:04 CEST 2016: Joost left home
Tue 23 Aug 03:15:04 CEST 2016: Joost arrived home
Tue 23 Aug 03:25:04 CEST 2016: Joost left home
Tue 23 Aug 03:40:04 CEST 2016: Joost arrived home
Tue 23 Aug 03:45:04 CEST 2016: Joost left home
Tue 23 Aug 03:55:04 CEST 2016: Joost arrived home
Tue 23 Aug 04:00:04 CEST 2016: Joost left home
Tue 23 Aug 04:15:04 CEST 2016: Joost arrived home
Tue 23 Aug 04:20:04 CEST 2016: Joost left home
Tue 23 Aug 04:25:04 CEST 2016: Joost arrived home
Tue 23 Aug 04:30:04 CEST 2016: Joost left home
Tue 23 Aug 04:40:04 CEST 2016: Joost arrived home
Tue 23 Aug 04:45:04 CEST 2016: Joost left home
Tue 23 Aug 04:55:04 CEST 2016: Joost arrived home
Tue 23 Aug 05:05:04 CEST 2016: Joost left home
Tue 23 Aug 05:10:05 CEST 2016: Joost arrived home
Tue 23 Aug 05:15:04 CEST 2016: Joost left home
Tue 23 Aug 05:25:05 CEST 2016: Joost arrived home
Tue 23 Aug 05:30:05 CEST 2016: Joost left home
Tue 23 Aug 05:50:05 CEST 2016: Joost arrived home
Tue 23 Aug 06:05:05 CEST 2016: Joost left home
Tue 23 Aug 06:35:05 CEST 2016: Joost arrived home
Tue 23 Aug 06:45:04 CEST 2016: Joost left home
Tue 23 Aug 06:50:05 CEST 2016: Joost arrived home
Tue 23 Aug 07:00:04 CEST 2016: Joost left home
Tue 23 Aug 07:15:04 CEST 2016: Joost arrived home
Tue 23 Aug 07:25:05 CEST 2016: Joost left home
Tue 23 Aug 07:40:04 CEST 2016: Joost arrived home
Tue 23 Aug 08:10:05 CEST 2016: Joost left home
Tue 23 Aug 18:55:04 CEST 2016: Joost arrived home
Tue 23 Aug 19:00:05 CEST 2016: Joost left home
Tue 23 Aug 19:15:05 CEST 2016: Joost arrived home
Tue 23 Aug 19:25:04 CEST 2016: Joost left home
Tue 23 Aug 19:35:04 CEST 2016: Joost left home
Tue 23 Aug 19:40:04 CEST 2016: Joost arrived home
Tue 23 Aug 19:45:04 CEST 2016: Joost left home
Tue 23 Aug 19:50:05 CEST 2016: Joost arrived home
Tue 23 Aug 19:55:04 CEST 2016: Joost left home
Tue 23 Aug 20:05:05 CEST 2016: Joost arrived home
Tue 23 Aug 20:10:05 CEST 2016: Joost left home
Tue 23 Aug 20:15:04 CEST 2016: Joost arrived home
Tue 23 Aug 20:25:05 CEST 2016: Joost left home
Tue 23 Aug 23:00:04 CEST 2016: Joost arrived home
Tue 23 Aug 23:05:04 CEST 2016: Joost left home
Tue 23 Aug 23:10:04 CEST 2016: Joost arrived home
Tue 23 Aug 23:25:04 CEST 2016: Joost left home
Tue 23 Aug 23:30:05 CEST 2016: Joost arrived home
Tue 23 Aug 23:35:04 CEST 2016: Joost left home
Tue 23 Aug 23:40:04 CEST 2016: Joost arrived home
Tue 23 Aug 23:45:04 CEST 2016: Joost left home
Tue 23 Aug 23:50:04 CEST 2016: Joost arrived home
Wed 24 Aug 00:00:06 CEST 2016: Joost left home
Wed 24 Aug 00:05:04 CEST 2016: Joost arrived home
Wed 24 Aug 00:15:04 CEST 2016: Joost left home
Wed 24 Aug 00:40:04 CEST 2016: Joost arrived home
Wed 24 Aug 00:45:04 CEST 2016: Joost left home
Wed 24 Aug 00:50:04 CEST 2016: Joost arrived home
Wed 24 Aug 01:05:04 CEST 2016: Joost left home
Wed 24 Aug 01:15:04 CEST 2016: Joost arrived home
Wed 24 Aug 01:20:04 CEST 2016: Joost left home
Wed 24 Aug 01:50:04 CEST 2016: Joost arrived home
Wed 24 Aug 01:55:04 CEST 2016: Joost left home
Wed 24 Aug 02:00:04 CEST 2016: Joost arrived home
Wed 24 Aug 02:10:04 CEST 2016: Joost left home
Wed 24 Aug 02:35:04 CEST 2016: Joost arrived home
Wed 24 Aug 03:00:04 CEST 2016: Joost left home
Wed 24 Aug 03:10:04 CEST 2016: Joost arrived home
Wed 24 Aug 03:15:04 CEST 2016: Joost left home
Wed 24 Aug 03:20:04 CEST 2016: Joost arrived home
Wed 24 Aug 03:45:04 CEST 2016: Joost left home
Wed 24 Aug 03:55:04 CEST 2016: Joost arrived home
Wed 24 Aug 04:25:04 CEST 2016: Joost left home
Wed 24 Aug 04:30:04 CEST 2016: Joost arrived home
Wed 24 Aug 04:45:04 CEST 2016: Joost left home
Wed 24 Aug 05:15:05 CEST 2016: Joost arrived home
Wed 24 Aug 05:30:05 CEST 2016: Joost left home
Wed 24 Aug 05:40:05 CEST 2016: Joost arrived home
Wed 24 Aug 05:50:05 CEST 2016: Joost left home
Wed 24 Aug 05:55:05 CEST 2016: Joost arrived home
Wed 24 Aug 06:00:04 CEST 2016: Joost left home
Wed 24 Aug 06:20:05 CEST 2016: Joost arrived home
Wed 24 Aug 06:25:07 CEST 2016: Joost left home
Wed 24 Aug 06:30:05 CEST 2016: Joost arrived home
Wed 24 Aug 06:35:05 CEST 2016: Joost left home
Wed 24 Aug 06:45:04 CEST 2016: Joost arrived home
Wed 24 Aug 07:05:04 CEST 2016: Joost left home
Wed 24 Aug 07:25:04 CEST 2016: Joost arrived home
Wed 24 Aug 07:30:04 CEST 2016: Joost left home
Wed 24 Aug 07:45:04 CEST 2016: Joost arrived home
Wed 24 Aug 08:05:04 CEST 2016: Joost left home
Wed 24 Aug 17:55:05 CEST 2016: Joost arrived home
Wed 24 Aug 18:15:04 CEST 2016: Joost left home
Wed 24 Aug 18:20:04 CEST 2016: Joost arrived home
Wed 24 Aug 18:30:04 CEST 2016: Joost left home
Wed 24 Aug 18:35:05 CEST 2016: Joost arrived home
Wed 24 Aug 18:40:04 CEST 2016: Joost left home
Wed 24 Aug 18:45:04 CEST 2016: Joost arrived home
Wed 24 Aug 18:55:05 CEST 2016: Joost left home
Wed 24 Aug 19:00:04 CEST 2016: Joost arrived home
Wed 24 Aug 19:45:05 CEST 2016: Joost left home
Wed 24 Aug 21:00:04 CEST 2016: Joost arrived home
Wed 24 Aug 21:30:04 CEST 2016: Joost left home
Wed 24 Aug 22:00:04 CEST 2016: Joost arrived home
Thu 25 Aug 00:00:04 CEST 2016: Joost left home
Thu 25 Aug 00:30:04 CEST 2016: Joost arrived home
Thu 25 Aug 01:00:04 CEST 2016: Joost left home
Thu 25 Aug 02:30:04 CEST 2016: Joost arrived home
Thu 25 Aug 03:30:04 CEST 2016: Joost left home
Thu 25 Aug 04:00:04 CEST 2016: Joost arrived home
Thu 25 Aug 04:30:04 CEST 2016: Joost left home
Thu 25 Aug 07:30:04 CEST 2016: Joost arrived home
Thu 25 Aug 08:00:05 CEST 2016: Joost left home
Thu 25 Aug 22:00:05 CEST 2016: Joost arrived home
Thu 25 Aug 22:30:05 CEST 2016: Joost left home
Thu 25 Aug 23:00:04 CEST 2016: Joost arrived home
Fri 26 Aug 00:00:04 CEST 2016: Joost left home
Fri 26 Aug 00:30:04 CEST 2016: Joost arrived home
Fri 26 Aug 01:30:04 CEST 2016: Joost left home
Fri 26 Aug 03:30:04 CEST 2016: Joost arrived home
Fri 26 Aug 06:00:05 CEST 2016: Joost left home
Fri 26 Aug 07:30:04 CEST 2016: Joost arrived home
Fri 26 Aug 08:00:04 CEST 2016: Joost left home
Fri 26 Aug 08:30:05 CEST 2016: Joost left home
Sat 27 Aug 00:00:04 CEST 2016: Joost arrived home
Sat 27 Aug 01:00:04 CEST 2016: Joost left home
Sat 27 Aug 01:30:04 CEST 2016: Joost arrived home
Sat 27 Aug 02:00:04 CEST 2016: Joost left home
Sat 27 Aug 02:30:04 CEST 2016: Joost arrived home
Sat 27 Aug 03:30:04 CEST 2016: Joost left home
Sat 27 Aug 05:30:04 CEST 2016: Joost arrived home
Sat 27 Aug 07:00:04 CEST 2016: Joost left home
Sat 27 Aug 08:00:05 CEST 2016: Joost arrived home
Sat 27 Aug 08:30:04 CEST 2016: Joost left home
Sat 27 Aug 11:30:04 CEST 2016: Joost arrived home
Sat 27 Aug 12:00:04 CEST 2016: Joost left home
Sat 27 Aug 13:30:05 CEST 2016: Joost arrived home
Sat 27 Aug 14:00:05 CEST 2016: Joost left home
Sat 27 Aug 14:30:04 CEST 2016: Joost arrived home
Sat 27 Aug 16:30:05 CEST 2016: Joost left home
Sat 27 Aug 17:00:04 CEST 2016: Joost left home
Sat 27 Aug 17:30:05 CEST 2016: Joost left home
Sun 28 Aug 02:30:05 CEST 2016: Joost arrived home
Sun 28 Aug 04:00:04 CEST 2016: Joost left home
Sun 28 Aug 06:30:05 CEST 2016: Joost arrived home
Sun 28 Aug 07:00:05 CEST 2016: Joost left home
Sun 28 Aug 08:00:05 CEST 2016: Joost arrived home
Sun 28 Aug 09:30:05 CEST 2016: Joost left home
Sun 28 Aug 10:00:05 CEST 2016: Joost arrived home
Sun 28 Aug 10:30:05 CEST 2016: Joost left home
Sun 28 Aug 11:30:05 CEST 2016: Joost arrived home
Sun 28 Aug 12:00:05 CEST 2016: Joost left home
Sun 28 Aug 13:01:36 CEST 2016: Joost arrived home
Sun 28 Aug 13:10:14 CEST 2016: Joost left home
Sun 28 Aug 13:10:24 CEST 2016: Joost arrived home
Sun 28 Aug 13:30:05 CEST 2016: Joost left home
Mon 29 Aug 08:00:04 CEST 2016: Joost arrived home
Mon 29 Aug 08:30:05 CEST 2016: Joost left home
Mon 29 Aug 18:30:05 CEST 2016: Joost arrived home
Mon 29 Aug 19:00:04 CEST 2016: Joost left home
Mon 29 Aug 20:30:05 CEST 2016: Joost left home
Mon 29 Aug 21:00:05 CEST 2016: Joost left home
Mon 29 Aug 21:30:04 CEST 2016: Joost arrived home
Mon 29 Aug 22:00:04 CEST 2016: Joost left home
Tue 30 Aug 00:00:04 CEST 2016: Joost arrived home
Tue 30 Aug 00:30:04 CEST 2016: Joost left home
Tue 30 Aug 01:00:04 CEST 2016: Joost arrived home
Tue 30 Aug 01:30:04 CEST 2016: Joost left home
Tue 30 Aug 02:00:04 CEST 2016: Joost arrived home
Tue 30 Aug 02:30:04 CEST 2016: Joost left home
Tue 30 Aug 03:00:04 CEST 2016: Joost arrived home
Tue 30 Aug 03:30:04 CEST 2016: Joost left home
Tue 30 Aug 04:00:05 CEST 2016: Joost arrived home
Tue 30 Aug 04:30:04 CEST 2016: Joost left home
Tue 30 Aug 20:00:04 CEST 2016: Joost arrived home
Tue 30 Aug 20:30:04 CEST 2016: Joost left home
Tue 30 Aug 21:00:04 CEST 2016: Joost arrived home
Tue 30 Aug 21:30:04 CEST 2016: Joost left home
Tue 30 Aug 23:00:04 CEST 2016: Joost arrived home
Tue 30 Aug 23:30:04 CEST 2016: Joost left home
Wed 31 Aug 00:00:04 CEST 2016: Joost arrived home
Wed 31 Aug 03:00:04 CEST 2016: Joost left home
Wed 31 Aug 04:00:04 CEST 2016: Joost arrived home
Wed 31 Aug 05:30:04 CEST 2016: Joost left home
Wed 31 Aug 06:00:04 CEST 2016: Joost arrived home
Wed 31 Aug 07:30:05 CEST 2016: Joost left home
Wed 31 Aug 08:00:05 CEST 2016: Joost arrived home
Wed 31 Aug 08:30:04 CEST 2016: Joost left home
Wed 31 Aug 19:00:04 CEST 2016: Joost arrived home
Wed 31 Aug 19:30:05 CEST 2016: Joost left home
Wed 31 Aug 20:30:05 CEST 2016: Joost arrived home
Wed 31 Aug 21:30:05 CEST 2016: Joost left home
Wed 31 Aug 22:00:05 CEST 2016: Joost left home
Wed 31 Aug 22:30:04 CEST 2016: Joost arrived home
Wed 31 Aug 23:00:04 CEST 2016: Joost left home
Wed 31 Aug 23:30:04 CEST 2016: Joost arrived home
Thu  1 Sep 00:00:04 CEST 2016: Joost left home
Thu  1 Sep 00:30:05 CEST 2016: Joost arrived home
Thu  1 Sep 01:30:04 CEST 2016: Joost left home
Thu  1 Sep 04:00:04 CEST 2016: Joost arrived home
Thu  1 Sep 05:00:05 CEST 2016: Joost left home
Thu  1 Sep 06:00:04 CEST 2016: Joost arrived home
Thu  1 Sep 07:30:04 CEST 2016: Joost left home
Thu  1 Sep 08:00:04 CEST 2016: Joost left home
Thu  1 Sep 08:30:06 CEST 2016: Joost left home
Thu  1 Sep 19:00:04 CEST 2016: Joost left home
Thu  1 Sep 19:30:04 CEST 2016: Joost left home
Thu  1 Sep 21:30:05 CEST 2016: Joost arrived home
Thu  1 Sep 22:00:05 CEST 2016: Joost left home
Thu  1 Sep 23:00:05 CEST 2016: Joost arrived home
Thu  1 Sep 23:30:04 CEST 2016: Joost left home
Fri  2 Sep 00:30:04 CEST 2016: Joost arrived home
Fri  2 Sep 01:00:04 CEST 2016: Joost left home
Fri  2 Sep 02:00:05 CEST 2016: Joost arrived home
Fri  2 Sep 02:30:04 CEST 2016: Joost left home
Fri  2 Sep 03:00:06 CEST 2016: Joost arrived home
Fri  2 Sep 05:00:05 CEST 2016: Joost left home
Fri  2 Sep 06:00:05 CEST 2016: Joost arrived home
Fri  2 Sep 06:30:05 CEST 2016: Joost left home
Fri  2 Sep 07:00:05 CEST 2016: Joost arrived home
Fri  2 Sep 08:30:04 CEST 2016: Joost left home
Fri  2 Sep 23:30:04 CEST 2016: Joost arrived home
Sat  3 Sep 00:00:04 CEST 2016: Joost left home
Sat  3 Sep 00:30:04 CEST 2016: Joost arrived home
Sat  3 Sep 01:00:04 CEST 2016: Joost left home
Sat  3 Sep 01:30:04 CEST 2016: Joost arrived home
Sat  3 Sep 03:00:06 CEST 2016: Joost left home
Sat  3 Sep 05:00:05 CEST 2016: Joost arrived home
Sat  3 Sep 06:00:05 CEST 2016: Joost left home
Sat  3 Sep 06:30:05 CEST 2016: Joost arrived home
Sat  3 Sep 07:30:04 CEST 2016: Joost left home
Sat  3 Sep 08:30:05 CEST 2016: Joost arrived home
Sat  3 Sep 09:00:04 CEST 2016: Joost left home
Sat  3 Sep 09:30:04 CEST 2016: Joost left home
Sat  3 Sep 10:00:05 CEST 2016: Joost left home
Sat  3 Sep 14:00:05 CEST 2016: Joost arrived home
Sat  3 Sep 14:30:04 CEST 2016: Joost left home
Sat  3 Sep 15:30:04 CEST 2016: Joost arrived home
Sat  3 Sep 16:00:05 CEST 2016: Joost left home
Sat  3 Sep 17:00:04 CEST 2016: Joost arrived home
Sat  3 Sep 17:30:04 CEST 2016: Joost left home
Sat  3 Sep 18:00:05 CEST 2016: Joost arrived home
Sat  3 Sep 18:30:05 CEST 2016: Joost left home
Sun  4 Sep 00:30:04 CEST 2016: Joost arrived home
Sun  4 Sep 01:00:05 CEST 2016: Joost left home
Sun  4 Sep 02:00:04 CEST 2016: Joost arrived home
Sun  4 Sep 03:30:05 CEST 2016: Joost left home
Sun  4 Sep 04:00:04 CEST 2016: Joost arrived home
Sun  4 Sep 05:30:05 CEST 2016: Joost left home
Sun  4 Sep 06:00:04 CEST 2016: Joost arrived home
Sun  4 Sep 07:00:04 CEST 2016: Joost left home
Sun  4 Sep 08:30:05 CEST 2016: Joost arrived home
Sun  4 Sep 09:00:05 CEST 2016: Joost left home
Sun  4 Sep 10:00:05 CEST 2016: Joost arrived home
Sun  4 Sep 10:30:05 CEST 2016: Joost left home
Sun  4 Sep 11:30:07 CEST 2016: Joost arrived home
Sun  4 Sep 12:00:05 CEST 2016: Joost left home
Sun  4 Sep 17:00:04 CEST 2016: Joost arrived home
Sun  4 Sep 18:00:04 CEST 2016: Joost left home
Sun  4 Sep 18:30:04 CEST 2016: Joost arrived home
Sun  4 Sep 19:00:05 CEST 2016: Joost left home
Sun  4 Sep 19:30:04 CEST 2016: Joost arrived home
Sun  4 Sep 20:00:04 CEST 2016: Joost left home
Sun  4 Sep 20:30:04 CEST 2016: Joost arrived home
Sun  4 Sep 21:00:05 CEST 2016: Joost left home
Sun  4 Sep 21:30:05 CEST 2016: Joost arrived home
Sun  4 Sep 22:00:05 CEST 2016: Joost left home
Sun  4 Sep 23:00:04 CEST 2016: Joost arrived home
Mon  5 Sep 00:00:04 CEST 2016: Joost left home
Mon  5 Sep 02:00:04 CEST 2016: Joost arrived home
Mon  5 Sep 03:30:04 CEST 2016: Joost left home
Mon  5 Sep 04:00:04 CEST 2016: Joost arrived home
Mon  5 Sep 04:30:04 CEST 2016: Joost left home
Mon  5 Sep 05:00:05 CEST 2016: Joost arrived home
Mon  5 Sep 05:30:04 CEST 2016: Joost left home
Mon  5 Sep 23:00:04 CEST 2016: Joost arrived home
Tue  6 Sep 00:00:04 CEST 2016: Joost left home
Tue  6 Sep 00:30:04 CEST 2016: Joost arrived home
Tue  6 Sep 01:00:04 CEST 2016: Joost left home
Tue  6 Sep 03:30:04 CEST 2016: Joost arrived home
Tue  6 Sep 05:00:04 CEST 2016: Joost left home
Tue  6 Sep 05:30:05 CEST 2016: Joost arrived home
Tue  6 Sep 06:00:04 CEST 2016: Joost left home
Tue  6 Sep 06:30:05 CEST 2016: Joost arrived home
Tue  6 Sep 08:00:04 CEST 2016: Joost left home
Tue  6 Sep 18:00:04 CEST 2016: Joost left home
Tue  6 Sep 18:30:04 CEST 2016: Joost arrived home
Tue  6 Sep 20:00:04 CEST 2016: Joost left home
Tue  6 Sep 20:30:04 CEST 2016: Joost arrived home
Tue  6 Sep 21:00:04 CEST 2016: Joost left home
Tue  6 Sep 21:30:05 CEST 2016: Joost arrived home
Tue  6 Sep 22:00:04 CEST 2016: Joost left home
Tue  6 Sep 23:30:04 CEST 2016: Joost arrived home
Wed  7 Sep 00:00:04 CEST 2016: Joost left home
Wed  7 Sep 00:30:04 CEST 2016: Joost arrived home
Wed  7 Sep 01:30:04 CEST 2016: Joost left home
Wed  7 Sep 02:00:04 CEST 2016: Joost arrived home
Wed  7 Sep 02:30:04 CEST 2016: Joost left home
Wed  7 Sep 03:00:06 CEST 2016: Joost arrived home
Wed  7 Sep 04:00:04 CEST 2016: Joost left home
Wed  7 Sep 05:30:05 CEST 2016: Joost arrived home
Wed  7 Sep 06:30:05 CEST 2016: Joost left home
Wed  7 Sep 08:00:05 CEST 2016: Joost arrived home
Wed  7 Sep 08:30:04 CEST 2016: Joost left home
Wed  7 Sep 19:30:04 CEST 2016: Joost arrived home
