[#] Start of transmission detected
/XMX5LGBBFG1009050373

1-3:0.2.8(42)
0-0:1.0.0(160904094636S)
0-0:96.1.1(4530303331303033313034393833373135)
1-0:1.8.1(000296.505*kWh)
1-0:1.8.2(000190.895*kWh)
1-0:2.8.1(000076.929*kWh)
1-0:2.8.2(000202.556*kWh)
0-0:96.14.0(0001)
1-0:1.7.0(00.146*kW)
1-0:2.7.0(00.000*kW)
0-0:96.7.21(00004)
0-0:96.7.9(00001)
1-0:99.97.0(1)(0-0:96.7.19)(160604162916S)(0000011017*s)
1-0:32.32.0(00000)
1-0:32.36.0(00000)
0-0:96.13.1()
0-0:96.13.0()
1-0:31.7.0(002*A)
1-0:21.7.0(00.146*kW)
1-0:22.7.0(00.000*kW)
!59FB
/XMX5LGBBFG10090503731-3:0.2.8(42)0-0:1.0.0(160904094636S)0-0:96.1.1(4530303331303033313034393833373135)1-0:1.8.1(000296.505*kWh)1-0:1.8.2(000190.895*kWh)1-0:2.8.1(000076.929*kWh)1-0:2.8.2(000202.556*kWh)0-0:96.14.0(0001)1-0:1.7.0(00.146*kW)1-0:2.7.0(00.000*kW)0-0:96.7.21(00004)0-0:96.7.9(00001)1-0:99.97.0(1)(0-0:96.7.19)(160604162916S)(0000011017*s)1-0:32.32.0(00000)1-0:32.36.0(00000)0-0:96.13.1()0-0:96.13.0()1-0:31.7.0(002*A)1-0:21.7.0(00.146*kW)1-0:22.7.0(00.000*kW)!
[#] CRC computed: 0xF77B
[#] CRC received: 0x59FB
[#] Valid message received after 1 retries
[#] Electricity delivered: 00.146*kW
[#] Electricity received: 00.000*kW
